[0.153s] Invoking command in '/home/hussein/Documents/kal_ws/build/diffdrive_arduino': AMENT_PREFIX_PATH=/home/hussein/Documents/kal_ws/install/serial:${AMENT_PREFIX_PATH} CMAKE_PREFIX_PATH=/home/hussein/Documents/kal_ws/install/serial:/home/hussein/Documents/kal_ws/install/serial_motor_demo_msgs:/home/hussein/Documents/kal_ws/install/rplidar_ros:/home/hussein/Documents/kal_ws/install/kal_package:/home/hussein/Documents/kal_ws/install/serial_motor_demo:/opt/ros/humble LD_LIBRARY_PATH=/home/hussein/Documents/kal_ws/install/serial/lib:${LD_LIBRARY_PATH} /usr/bin/cmake --build /home/hussein/Documents/kal_ws/build/diffdrive_arduino -- -j12 -l12
[0.190s] [35m[1mConsolidate compiler generated dependencies of target fake_robot[0m
[0.190s] [35m[1mConsolidate compiler generated dependencies of target diffdrive_arduino[0m
[0.202s] [ 14%] [32mBuilding CXX object CMakeFiles/fake_robot.dir/src/fake_robot.cpp.o[0m
[0.205s] [ 28%] [32mBuilding CXX object CMakeFiles/diffdrive_arduino.dir/src/diffdrive_arduino.cpp.o[0m
[0.323s] [01m[K/home/hussein/Documents/kal_ws/src/diffdrive_arduino/src/fake_robot.cpp:7:1:[m[K [01;31m[Kerror: [m[Kâ€˜[01m[KFakeRobot[m[Kâ€™ does not name a type
[0.323s]     7 | [01;31m[KFakeRobot[m[K::FakeRobot()
[0.323s]       | [01;31m[K^~~~~~~~~[m[K
[0.323s] [01m[K/home/hussein/Documents/kal_ws/src/diffdrive_arduino/src/fake_robot.cpp:13:1:[m[K [01;31m[Kerror: [m[Kâ€˜[01m[Kreturn_type[m[Kâ€™ does not name a type
[0.323s]    13 | [01;31m[Kreturn_type[m[K FakeRobot::configure(const hardware_interface::HardwareInfo & info)
[0.324s]       | [01;31m[K^~~~~~~~~~~[m[K
[0.324s] [01m[K/home/hussein/Documents/kal_ws/src/diffdrive_arduino/src/fake_robot.cpp:40:6:[m[K [01;31m[Kerror: [m[Kâ€˜[01m[Kvector[m[Kâ€™ in namespace â€˜[01m[Kstd[m[Kâ€™ does not name a template type
[0.324s]    40 | std::[01;31m[Kvector[m[K<hardware_interface::StateInterface> FakeRobot::export_state_interfaces()
[0.324s]       |      [01;31m[K^~~~~~[m[K
[0.324s] [01m[K/home/hussein/Documents/kal_ws/src/diffdrive_arduino/src/fake_robot.cpp:5:1:[m[K [01;36m[Knote: [m[Kâ€˜[01m[Kstd::vector[m[Kâ€™ is defined in header â€˜[01m[K<vector>[m[Kâ€™; did you forget to â€˜[01m[K#include <vector>[m[Kâ€™?
[0.324s]     4 | #include "hardware_interface/types/hardware_interface_type_values.hpp"
[0.324s]   +++ |+[32m[K#include <vector>[m[K
[0.324s]     5 | 
[0.324s] [01m[K/home/hussein/Documents/kal_ws/src/diffdrive_arduino/src/fake_robot.cpp:54:6:[m[K [01;31m[Kerror: [m[Kâ€˜[01m[Kvector[m[Kâ€™ in namespace â€˜[01m[Kstd[m[Kâ€™ does not name a template type
[0.325s]    54 | std::[01;31m[Kvector[m[K<hardware_interface::CommandInterface> FakeRobot::export_command_interfaces()
[0.325s]       |      [01;31m[K^~~~~~[m[K
[0.325s] [01m[K/home/hussein/Documents/kal_ws/src/diffdrive_arduino/src/fake_robot.cpp:54:1:[m[K [01;36m[Knote: [m[Kâ€˜[01m[Kstd::vector[m[Kâ€™ is defined in header â€˜[01m[K<vector>[m[Kâ€™; did you forget to â€˜[01m[K#include <vector>[m[Kâ€™?
[0.325s]    54 | [01;36m[Kstd[m[K::vector<hardware_interface::CommandInterface> FakeRobot::export_command_interfaces()
[0.325s]       | [01;36m[K^~~[m[K
[0.325s] [01m[K/home/hussein/Documents/kal_ws/src/diffdrive_arduino/src/fake_robot.cpp:67:1:[m[K [01;31m[Kerror: [m[Kâ€˜[01m[Kreturn_type[m[Kâ€™ does not name a type
[0.325s]    67 | [01;31m[Kreturn_type[m[K FakeRobot::start()
[0.325s]       | [01;31m[K^~~~~~~~~~~[m[K
[0.325s] [01m[K/home/hussein/Documents/kal_ws/src/diffdrive_arduino/src/fake_robot.cpp:75:1:[m[K [01;31m[Kerror: [m[Kâ€˜[01m[Kreturn_type[m[Kâ€™ does not name a type
[0.325s]    75 | [01;31m[Kreturn_type[m[K FakeRobot::stop()
[0.325s]       | [01;31m[K^~~~~~~~~~~[m[K
[0.326s] [01m[K/home/hussein/Documents/kal_ws/src/diffdrive_arduino/src/fake_robot.cpp:83:21:[m[K [01;31m[Kerror: [m[Kâ€˜[01m[Kreturn_type[m[Kâ€™ in namespace â€˜[01m[Khardware_interface[m[Kâ€™ does not name a type
[0.326s]    83 | hardware_interface::[01;31m[Kreturn_type[m[K FakeRobot::read()
[0.326s]       |                     [01;31m[K^~~~~~~~~~~[m[K
[0.326s] [01m[K/home/hussein/Documents/kal_ws/src/diffdrive_arduino/src/fake_robot.cpp:104:21:[m[K [01;31m[Kerror: [m[Kâ€˜[01m[Kreturn_type[m[Kâ€™ in namespace â€˜[01m[Khardware_interface[m[Kâ€™ does not name a type
[0.326s]   104 | hardware_interface::[01;31m[Kreturn_type[m[K FakeRobot::write()
[0.326s]       |                     [01;31m[K^~~~~~~~~~~[m[K
[0.444s] In file included from [01m[K/home/hussein/Documents/kal_ws/src/diffdrive_arduino/src/diffdrive_arduino.cpp:1[m[K:
[0.444s] [01m[K/home/hussein/Documents/kal_ws/src/diffdrive_arduino/include/diffdrive_arduino/diffdrive_arduino.h:7:10:[m[K [01;31m[Kfatal error: [m[Khardware_interface/base_interface.hpp: No such file or directory
[0.444s]     7 | #include [01;31m[K"hardware_interface/base_interface.hpp"[m[K
[0.444s]       |          [01;31m[K^~~~~~~~~~~~~~~~~~~~~~~~~~~~~~~~~~~~~~~[m[K
[0.444s] compilation terminated.
[0.446s] gmake[2]: *** [CMakeFiles/diffdrive_arduino.dir/build.make:76: CMakeFiles/diffdrive_arduino.dir/src/diffdrive_arduino.cpp.o] Error 1
[0.446s] gmake[1]: *** [CMakeFiles/Makefile2:139: CMakeFiles/diffdrive_arduino.dir/all] Error 2
[0.446s] gmake[1]: *** Waiting for unfinished jobs....
[0.641s] In file included from [01m[K/opt/ros/humble/include/class_loader/class_loader/class_loader.hpp:56[m[K,
[0.641s]                  from [01m[K/opt/ros/humble/include/pluginlib/pluginlib/class_list_macros.hpp:40[m[K,
[0.641s]                  from [01m[K/home/hussein/Documents/kal_ws/src/diffdrive_arduino/src/fake_robot.cpp:118[m[K:
[0.641s] [01m[K/home/hussein/Documents/kal_ws/src/diffdrive_arduino/src/fake_robot.cpp:121:3:[m[K [01;31m[Kerror: [m[Kâ€˜[01m[KFakeRobot[m[Kâ€™ does not name a type
[0.642s]   121 |   [01;31m[KFakeRobot[m[K,
[0.642s]       |   [01;31m[K^~~~~~~~~[m[K
[0.642s] [01m[K/home/hussein/Documents/kal_ws/src/diffdrive_arduino/src/fake_robot.cpp:122:23:[m[K [01;31m[Kerror: [m[Kâ€˜[01m[KSystemInterface[m[Kâ€™ in namespace â€˜[01m[Khardware_interface[m[Kâ€™ does not name a type
[0.642s]   122 |   hardware_interface::[01;31m[KSystemInterface[m[K
[0.642s]       |                       [01;31m[K^~~~~~~~~~~~~~~[m[K
[0.645s] [01m[K/home/hussein/Documents/kal_ws/src/diffdrive_arduino/src/fake_robot.cpp:[m[K In constructor â€˜[01m[K{anonymous}::ProxyExec0::ProxyExec0()[m[Kâ€™:
[0.645s] [01m[K/home/hussein/Documents/kal_ws/src/diffdrive_arduino/src/fake_robot.cpp:120:1:[m[K [01;31m[Kerror: [m[Kâ€˜[01m[K_derived[m[Kâ€™ was not declared in this scope
[0.645s]   120 | [01;31m[KPLUGINLIB_EXPORT_CLASS[m[K(
[0.645s]       | [01;31m[K^~~~~~~~~~~~~~~~~~~~~~[m[K
[0.646s] [01m[K/home/hussein/Documents/kal_ws/src/diffdrive_arduino/src/fake_robot.cpp:120:1:[m[K [01;31m[Kerror: [m[Kâ€˜[01m[K_base[m[Kâ€™ was not declared in this scope
[0.646s]   120 | [01;31m[KPLUGINLIB_EXPORT_CLASS[m[K(
[0.646s]       | [01;31m[K^~~~~~~~~~~~~~~~~~~~~~[m[K
[0.647s] [01m[K/home/hussein/Documents/kal_ws/src/diffdrive_arduino/src/fake_robot.cpp:120:1:[m[K [01;31m[Kerror: [m[Kno matching function for call to â€˜[01m[KregisterPlugin<<expression error>, <expression error> >(const char [10], const char [36])[m[Kâ€™
[0.647s]   120 | [01;31m[KPLUGINLIB_EXPORT_CLASS[m[K(
[0.647s]       | [01;31m[K^~~~~~~~~~~~~~~~~~~~~~[m[K
[0.647s] In file included from [01m[K/opt/ros/humble/include/class_loader/class_loader/class_loader.hpp:55[m[K,
[0.647s]                  from [01m[K/opt/ros/humble/include/pluginlib/pluginlib/class_list_macros.hpp:40[m[K,
[0.647s]                  from [01m[K/home/hussein/Documents/kal_ws/src/diffdrive_arduino/src/fake_robot.cpp:118[m[K:
[0.647s] [01m[K/opt/ros/humble/include/class_loader/class_loader/class_loader_core.hpp:210:6:[m[K [01;36m[Knote: [m[Kcandidate: â€˜[01m[Ktemplate<class Derived, class Base> void class_loader::impl::registerPlugin(const string&, const string&)[m[Kâ€™
[0.647s]   210 | void [01;36m[KregisterPlugin[m[K(const std::string & class_name, const std::string & base_class_name)
[0.647s]       |      [01;36m[K^~~~~~~~~~~~~~[m[K
[0.647s] [01m[K/opt/ros/humble/include/class_loader/class_loader/class_loader_core.hpp:210:6:[m[K [01;36m[Knote: [m[K  template argument deduction/substitution failed:
[0.647s] In file included from [01m[K/opt/ros/humble/include/class_loader/class_loader/class_loader.hpp:56[m[K,
[0.647s]                  from [01m[K/opt/ros/humble/include/pluginlib/pluginlib/class_list_macros.hpp:40[m[K,
[0.647s]                  from [01m[K/home/hussein/Documents/kal_ws/src/diffdrive_arduino/src/fake_robot.cpp:118[m[K:
[0.647s] [01m[K/home/hussein/Documents/kal_ws/src/diffdrive_arduino/src/fake_robot.cpp:120:1:[m[K [01;31m[Kerror: [m[Ktemplate argument 1 is invalid
[0.647s]   120 | [01;31m[KPLUGINLIB_EXPORT_CLASS[m[K(
[0.647s]       | [01;31m[K^~~~~~~~~~~~~~~~~~~~~~[m[K
[0.647s] [01m[K/home/hussein/Documents/kal_ws/src/diffdrive_arduino/src/fake_robot.cpp:120:1:[m[K [01;31m[Kerror: [m[Ktemplate argument 2 is invalid
[0.684s] gmake[2]: *** [CMakeFiles/fake_robot.dir/build.make:76: CMakeFiles/fake_robot.dir/src/fake_robot.cpp.o] Error 1
[0.684s] gmake[1]: *** [CMakeFiles/Makefile2:165: CMakeFiles/fake_robot.dir/all] Error 2
[0.684s] gmake: *** [Makefile:146: all] Error 2
[0.845s] Invoked command in '/home/hussein/Documents/kal_ws/build/diffdrive_arduino' returned '2': AMENT_PREFIX_PATH=/home/hussein/Documents/kal_ws/install/serial:${AMENT_PREFIX_PATH} CMAKE_PREFIX_PATH=/home/hussein/Documents/kal_ws/install/serial:/home/hussein/Documents/kal_ws/install/serial_motor_demo_msgs:/home/hussein/Documents/kal_ws/install/rplidar_ros:/home/hussein/Documents/kal_ws/install/kal_package:/home/hussein/Documents/kal_ws/install/serial_motor_demo:/opt/ros/humble LD_LIBRARY_PATH=/home/hussein/Documents/kal_ws/install/serial/lib:${LD_LIBRARY_PATH} /usr/bin/cmake --build /home/hussein/Documents/kal_ws/build/diffdrive_arduino -- -j12 -l12
