[1.352s] Invoking command in '/home/hussein/Documents/kal_ws/build/serial_motor_demo_msgs': CMAKE_PREFIX_PATH=/opt/ros/humble /usr/bin/cmake --build /home/hussein/Documents/kal_ws/build/serial_motor_demo_msgs -- -j4 -l4
[1.949s] [ 10%] Built target serial_motor_demo_msgs__rosidl_generator_c
[1.993s] [ 12%] Built target serial_motor_demo_msgs__cpp
[2.078s] [ 12%] Built target ament_cmake_python_copy_serial_motor_demo_msgs
[2.195s] [ 23%] Built target serial_motor_demo_msgs__rosidl_typesupport_introspection_c
[2.286s] [ 34%] Built target serial_motor_demo_msgs__rosidl_typesupport_c
[2.303s] [ 44%] Built target serial_motor_demo_msgs__rosidl_typesupport_fastrtps_c
[2.423s] [ 55%] Built target serial_motor_demo_msgs__rosidl_typesupport_fastrtps_cpp
[2.496s] [ 65%] Built target serial_motor_demo_msgs__rosidl_typesupport_introspection_cpp
[2.576s] [ 76%] Built target serial_motor_demo_msgs__rosidl_typesupport_cpp
[2.754s] [ 76%] Built target serial_motor_demo_msgs
[2.899s] [ 78%] Built target serial_motor_demo_msgs__py
[3.121s] gmake[2]: *** No rule to make target '/usr/lib/x86_64-linux-gnu/libpython3.10.so', needed by 'rosidl_generator_py/serial_motor_demo_msgs/libserial_motor_demo_msgs__rosidl_generator_py.so'.  Stop.
[3.123s] gmake[1]: *** [CMakeFiles/Makefile2:475: CMakeFiles/serial_motor_demo_msgs__rosidl_generator_py.dir/all] Error 2
[3.124s] gmake[1]: *** Waiting for unfinished jobs....
[4.528s] running egg_info
[4.537s] writing serial_motor_demo_msgs.egg-info/PKG-INFO
[4.539s] writing dependency_links to serial_motor_demo_msgs.egg-info/dependency_links.txt
[4.539s] writing top-level names to serial_motor_demo_msgs.egg-info/top_level.txt
[4.552s] reading manifest file 'serial_motor_demo_msgs.egg-info/SOURCES.txt'
[4.555s] writing manifest file 'serial_motor_demo_msgs.egg-info/SOURCES.txt'
[4.729s] [ 78%] Built target ament_cmake_python_build_serial_motor_demo_msgs_egg
[4.739s] gmake: *** [Makefile:146: all] Error 2
