[1.938s] Invoking command in '/home/hussein/Documents/kal_ws/build/serial_motor_demo_msgs': CMAKE_PREFIX_PATH=/opt/ros/humble /usr/bin/cmake --build /home/hussein/Documents/kal_ws/build/serial_motor_demo_msgs -- -j4 -l4
[2.413s] [ 10%] Built target serial_motor_demo_msgs__rosidl_generator_c
[2.431s] [ 10%] Built target ament_cmake_python_copy_serial_motor_demo_msgs
[2.448s] [ 12%] Built target serial_motor_demo_msgs__cpp
[2.780s] [ 23%] Built target serial_motor_demo_msgs__rosidl_typesupport_c
[2.795s] [ 34%] Built target serial_motor_demo_msgs__rosidl_typesupport_introspection_c
[2.863s] [ 44%] Built target serial_motor_demo_msgs__rosidl_typesupport_fastrtps_c
[3.093s] [ 55%] Built target serial_motor_demo_msgs__rosidl_typesupport_introspection_cpp
[3.158s] [ 65%] Built target serial_motor_demo_msgs__rosidl_typesupport_cpp
[3.164s] [ 76%] Built target serial_motor_demo_msgs__rosidl_typesupport_fastrtps_cpp
[3.321s] [ 76%] Built target serial_motor_demo_msgs
[3.673s] [ 78%] Built target serial_motor_demo_msgs__py
[3.940s] gmake[2]: *** No rule to make target '/usr/lib/x86_64-linux-gnu/libpython3.10.so', needed by 'rosidl_generator_py/serial_motor_demo_msgs/libserial_motor_demo_msgs__rosidl_generator_py.so'.  Stop.
[3.943s] gmake[1]: *** [CMakeFiles/Makefile2:475: CMakeFiles/serial_motor_demo_msgs__rosidl_generator_py.dir/all] Error 2
[3.944s] gmake[1]: *** Waiting for unfinished jobs....
[5.257s] running egg_info
[5.258s] writing serial_motor_demo_msgs.egg-info/PKG-INFO
[5.258s] writing dependency_links to serial_motor_demo_msgs.egg-info/dependency_links.txt
[5.260s] writing top-level names to serial_motor_demo_msgs.egg-info/top_level.txt
[5.273s] reading manifest file 'serial_motor_demo_msgs.egg-info/SOURCES.txt'
[5.287s] writing manifest file 'serial_motor_demo_msgs.egg-info/SOURCES.txt'
[5.467s] [ 78%] Built target ament_cmake_python_build_serial_motor_demo_msgs_egg
[5.468s] gmake: *** [Makefile:146: all] Error 2
